<?xml version="1.0" encoding="UTF-8"?>
<testsuite name="com.solstice.week2challenge.week2challenge.QuoteControllerTest" tests="1" skipped="0" failures="0" errors="0" timestamp="2018-07-24T11:00:09" hostname="Tyree-Solomon-Phillips-MacBook-Pro.local" time="0.174">
  <properties/>
  <testcase name="testAddStockQuote" classname="com.solstice.week2challenge.week2challenge.QuoteControllerTest" time="0.174"/>
  <system-out><![CDATA[06:00:06.690 [Test worker] DEBUG org.springframework.test.context.junit4.SpringJUnit4ClassRunner - SpringJUnit4ClassRunner constructor called with [class com.solstice.week2challenge.week2challenge.QuoteControllerTest]
06:00:06.695 [Test worker] DEBUG org.springframework.test.context.BootstrapUtils - Instantiating CacheAwareContextLoaderDelegate from class [org.springframework.test.context.cache.DefaultCacheAwareContextLoaderDelegate]
06:00:06.702 [Test worker] DEBUG org.springframework.test.context.BootstrapUtils - Instantiating BootstrapContext using constructor [public org.springframework.test.context.support.DefaultBootstrapContext(java.lang.Class,org.springframework.test.context.CacheAwareContextLoaderDelegate)]
06:00:06.717 [Test worker] DEBUG org.springframework.test.context.BootstrapUtils - Instantiating TestContextBootstrapper for test class [com.solstice.week2challenge.week2challenge.QuoteControllerTest] from class [org.springframework.boot.test.autoconfigure.web.servlet.WebMvcTestContextBootstrapper]
06:00:06.743 [Test worker] DEBUG org.springframework.test.context.support.AbstractContextLoader - Did not detect default resource location for test class [com.solstice.week2challenge.week2challenge.QuoteControllerTest]: class path resource [com/solstice/week2challenge/week2challenge/QuoteControllerTest-context.xml] does not exist
06:00:06.743 [Test worker] DEBUG org.springframework.test.context.support.AbstractContextLoader - Did not detect default resource location for test class [com.solstice.week2challenge.week2challenge.QuoteControllerTest]: class path resource [com/solstice/week2challenge/week2challenge/QuoteControllerTestContext.groovy] does not exist
06:00:06.743 [Test worker] INFO org.springframework.test.context.support.AbstractContextLoader - Could not detect default resource locations for test class [com.solstice.week2challenge.week2challenge.QuoteControllerTest]: no resource found for suffixes {-context.xml, Context.groovy}.
06:00:06.834 [Test worker] DEBUG org.springframework.test.context.support.ActiveProfilesUtils - Could not find an 'annotation declaring class' for annotation type [org.springframework.test.context.ActiveProfiles] and class [com.solstice.week2challenge.week2challenge.QuoteControllerTest]
06:00:06.837 [Test worker] DEBUG org.springframework.boot.test.autoconfigure.web.servlet.WebMvcTestContextBootstrapper - @TestExecutionListeners is not present for class [com.solstice.week2challenge.week2challenge.QuoteControllerTest]: using defaults.
06:00:06.842 [Test worker] INFO org.springframework.boot.test.autoconfigure.web.servlet.WebMvcTestContextBootstrapper - Loaded default TestExecutionListener class names from location [META-INF/spring.factories]: [org.springframework.boot.test.mock.mockito.MockitoTestExecutionListener, org.springframework.boot.test.mock.mockito.ResetMocksTestExecutionListener, org.springframework.boot.test.autoconfigure.restdocs.RestDocsTestExecutionListener, org.springframework.boot.test.autoconfigure.web.client.MockRestServiceServerResetTestExecutionListener, org.springframework.boot.test.autoconfigure.web.servlet.MockMvcPrintOnlyOnFailureTestExecutionListener, org.springframework.boot.test.autoconfigure.web.servlet.WebDriverTestExecutionListener, org.springframework.test.context.web.ServletTestExecutionListener, org.springframework.test.context.support.DirtiesContextBeforeModesTestExecutionListener, org.springframework.test.context.support.DependencyInjectionTestExecutionListener, org.springframework.test.context.support.DirtiesContextTestExecutionListener, org.springframework.test.context.transaction.TransactionalTestExecutionListener, org.springframework.test.context.jdbc.SqlScriptsTestExecutionListener]
06:00:06.864 [Test worker] INFO org.springframework.boot.test.autoconfigure.web.servlet.WebMvcTestContextBootstrapper - Using TestExecutionListeners: [org.springframework.test.context.web.ServletTestExecutionListener@6afae2df, org.springframework.test.context.support.DirtiesContextBeforeModesTestExecutionListener@2347347b, org.springframework.boot.test.mock.mockito.MockitoTestExecutionListener@5b00acb5, org.springframework.boot.test.autoconfigure.SpringBootDependencyInjectionTestExecutionListener@17568c46, org.springframework.test.context.support.DirtiesContextTestExecutionListener@2a077869, org.springframework.test.context.transaction.TransactionalTestExecutionListener@307965be, org.springframework.test.context.jdbc.SqlScriptsTestExecutionListener@6ec20200, org.springframework.boot.test.mock.mockito.ResetMocksTestExecutionListener@4d559722, org.springframework.boot.test.autoconfigure.restdocs.RestDocsTestExecutionListener@5c006ad1, org.springframework.boot.test.autoconfigure.web.client.MockRestServiceServerResetTestExecutionListener@27afb07a, org.springframework.boot.test.autoconfigure.web.servlet.MockMvcPrintOnlyOnFailureTestExecutionListener@5983648d, org.springframework.boot.test.autoconfigure.web.servlet.WebDriverTestExecutionListener@388e1418]
06:00:06.867 [Test worker] DEBUG org.springframework.test.annotation.ProfileValueUtils - Retrieved @ProfileValueSourceConfiguration [null] for test class [com.solstice.week2challenge.week2challenge.QuoteControllerTest]
06:00:06.868 [Test worker] DEBUG org.springframework.test.annotation.ProfileValueUtils - Retrieved ProfileValueSource type [class org.springframework.test.annotation.SystemProfileValueSource] for class [com.solstice.week2challenge.week2challenge.QuoteControllerTest]
06:00:06.868 [Test worker] DEBUG org.springframework.test.annotation.ProfileValueUtils - Retrieved @ProfileValueSourceConfiguration [null] for test class [com.solstice.week2challenge.week2challenge.QuoteControllerTest]
06:00:06.869 [Test worker] DEBUG org.springframework.test.annotation.ProfileValueUtils - Retrieved ProfileValueSource type [class org.springframework.test.annotation.SystemProfileValueSource] for class [com.solstice.week2challenge.week2challenge.QuoteControllerTest]
06:00:06.872 [Test worker] DEBUG org.springframework.test.context.support.AbstractDirtiesContextTestExecutionListener - Before test class: context [DefaultTestContext@2a1ecf02 testClass = QuoteControllerTest, testInstance = [null], testMethod = [null], testException = [null], mergedContextConfiguration = [WebMergedContextConfiguration@4608b55e testClass = QuoteControllerTest, locations = '{}', classes = '{class com.sun.org.apache.xerces.internal.parsers.SecurityConfiguration}', contextInitializerClasses = '[]', activeProfiles = '{}', propertySourceLocations = '{}', propertySourceProperties = '{org.springframework.boot.test.autoconfigure.web.servlet.WebMvcTestContextBootstrapper=true}', contextCustomizers = set[[ImportsContextCustomizer@2526db56 key = [org.springframework.boot.autoconfigure.cache.CacheAutoConfiguration, org.springframework.boot.autoconfigure.context.MessageSourceAutoConfiguration, org.springframework.boot.autoconfigure.freemarker.FreeMarkerAutoConfiguration, org.springframework.boot.autoconfigure.groovy.template.GroovyTemplateAutoConfiguration, org.springframework.boot.autoconfigure.gson.GsonAutoConfiguration, org.springframework.boot.autoconfigure.hateoas.HypermediaAutoConfiguration, org.springframework.boot.autoconfigure.jackson.JacksonAutoConfiguration, org.springframework.boot.autoconfigure.mustache.MustacheAutoConfiguration, org.springframework.boot.autoconfigure.thymeleaf.ThymeleafAutoConfiguration, org.springframework.boot.autoconfigure.validation.ValidationAutoConfiguration, org.springframework.boot.autoconfigure.web.ErrorMvcAutoConfiguration, org.springframework.boot.autoconfigure.web.HttpMessageConvertersAutoConfiguration, org.springframework.boot.autoconfigure.web.ServerPropertiesAutoConfiguration, org.springframework.boot.autoconfigure.web.WebMvcAutoConfiguration, org.springframework.boot.test.autoconfigure.web.servlet.MockMvcAutoConfiguration, org.springframework.boot.test.autoconfigure.web.servlet.MockMvcSecurityAutoConfiguration, org.springframework.boot.test.autoconfigure.web.servlet.MockMvcWebClientAutoConfiguration, org.springframework.boot.test.autoconfigure.web.servlet.MockMvcWebDriverAutoConfiguration]], org.springframework.boot.test.context.filter.ExcludeFilterContextCustomizer@53c5f7c2, org.springframework.boot.test.json.DuplicateJsonObjectContextCustomizerFactory$DuplicateJsonObjectContextCustomizer@534e3d1e, org.springframework.boot.test.mock.mockito.MockitoContextCustomizer@60c6f3c6, org.springframework.boot.test.autoconfigure.OverrideAutoConfigurationContextCustomizerFactory$DisableAutoConfigurationContextCustomizer@331c243e, org.springframework.boot.test.autoconfigure.filter.TypeExcludeFiltersContextCustomizer@26a43271, org.springframework.boot.test.autoconfigure.properties.PropertyMappingContextCustomizer@f981e9ed, org.springframework.boot.test.autoconfigure.web.servlet.WebDriverContextCustomizerFactory$Customizer@6ef7edcb], resourceBasePath = '', contextLoader = 'org.springframework.boot.test.context.SpringBootContextLoader', parent = [null]]], class annotated with @DirtiesContext [false] with mode [null].
06:00:06.873 [Test worker] DEBUG org.springframework.test.annotation.ProfileValueUtils - Retrieved @ProfileValueSourceConfiguration [null] for test class [com.solstice.week2challenge.week2challenge.QuoteControllerTest]
06:00:06.873 [Test worker] DEBUG org.springframework.test.annotation.ProfileValueUtils - Retrieved ProfileValueSource type [class org.springframework.test.annotation.SystemProfileValueSource] for class [com.solstice.week2challenge.week2challenge.QuoteControllerTest]
06:00:06.945 [Test worker] DEBUG org.springframework.core.env.StandardEnvironment - Adding PropertySource 'systemProperties' with lowest search precedence
06:00:06.945 [Test worker] DEBUG org.springframework.core.env.StandardEnvironment - Adding PropertySource 'systemEnvironment' with lowest search precedence
06:00:06.946 [Test worker] DEBUG org.springframework.core.env.StandardEnvironment - Initialized StandardEnvironment with PropertySources [MapPropertySource@1777603994 {name='systemProperties', properties={java.runtime.name=Java(TM) SE Runtime Environment, sun.boot.library.path=/Library/Java/JavaVirtualMachines/jdk1.8.0_171.jdk/Contents/Home/jre/lib, java.vm.version=25.171-b11, gopherProxySet=false, java.vm.vendor=Oracle Corporation, java.vendor.url=http://java.oracle.com/, path.separator=:, java.vm.name=Java HotSpot(TM) 64-Bit Server VM, file.encoding.pkg=sun.io, sun.java.launcher=SUN_STANDARD, user.country=US, sun.os.patch.level=unknown, java.vm.specification.name=Java Virtual Machine Specification, user.dir=/Users/tyreesolomon-phillips/Documents/Github/week2challenge, java.runtime.version=1.8.0_171-b11, java.awt.graphicsenv=sun.awt.CGraphicsEnvironment, java.endorsed.dirs=/Library/Java/JavaVirtualMachines/jdk1.8.0_171.jdk/Contents/Home/jre/lib/endorsed, os.arch=x86_64, java.io.tmpdir=/var/folders/mj/c4hxlbvs3nxg5k3t271trc1h0000gn/T/, line.separator=
, java.vm.specification.vendor=Oracle Corporation, user.variant=, os.name=Mac OS X, sun.jnu.encoding=UTF-8, java.library.path=/Users/tyreesolomon-phillips/Library/Java/Extensions:/Library/Java/Extensions:/Network/Library/Java/Extensions:/System/Library/Java/Extensions:/usr/lib/java:., java.specification.name=Java Platform API Specification, java.class.version=52.0, sun.management.compiler=HotSpot 64-Bit Tiered Compilers, os.version=10.13.5, user.home=/Users/tyreesolomon-phillips, user.timezone=America/Chicago, java.awt.printerjob=sun.lwawt.macosx.CPrinterJob, file.encoding=UTF-8, java.specification.version=1.8, java.class.path=/Users/tyreesolomon-phillips/Documents/Github/week2challenge/build/classes/test:/Users/tyreesolomon-phillips/Documents/Github/week2challenge/build/resources/test:/Users/tyreesolomon-phillips/Documents/Github/week2challenge/build/classes/main:/Users/tyreesolomon-phillips/Documents/Github/week2challenge/build/resources/main:/Users/tyreesolomon-phillips/.gradle/caches/modules-2/files-2.1/org.springframework.boot/spring-boot-starter-data-jpa/1.5.14.RELEASE/d259292ee2d8ad78b5aa95a9c7e60280cd0503a3/spring-boot-starter-data-jpa-1.5.14.RELEASE.jar:/Users/tyreesolomon-phillips/.gradle/caches/modules-2/files-2.1/org.springframework.boot/spring-boot-starter-jdbc/1.5.14.RELEASE/dfe6414810f74dbfddc8f0dd1507e33bcdd9594/spring-boot-starter-jdbc-1.5.14.RELEASE.jar:/Users/tyreesolomon-phillips/.gradle/caches/modules-2/files-2.1/org.springframework.boot/spring-boot-starter-data-rest/1.5.14.RELEASE/d7d126a4824f644c48e026655747efda461f6c07/spring-boot-starter-data-rest-1.5.14.RELEASE.jar:/Users/tyreesolomon-phillips/.gradle/caches/modules-2/files-2.1/org.springframework.boot/spring-boot-starter-web/1.5.14.RELEASE/ec32935a77eef7d87fc006af65064e3f9270796/spring-boot-starter-web-1.5.14.RELEASE.jar:/Users/tyreesolomon-phillips/.gradle/caches/modules-2/files-2.1/com.fasterxml.jackson.core/jackson-databind/2.9.6/cfa4f316351a91bfd95cb0644c6a2c95f52db1fc/jackson-databind-2.9.6.jar:/Users/tyreesolomon-phillips/.gradle/caches/modules-2/files-2.1/com.fasterxml.jackson.core/jackson-core/2.9.6/4e393793c37c77e042ccc7be5a914ae39251b365/jackson-core-2.9.6.jar:/Users/tyreesolomon-phillips/.gradle/caches/modules-2/files-2.1/com.fasterxml.jackson.core/jackson-annotations/2.9.6/6a0f0f154edaba00067772ce02e24f8c0973d84c/jackson-annotations-2.9.6.jar:/Users/tyreesolomon-phillips/.gradle/caches/modules-2/files-2.1/io.pivotal.spring.cloud/spring-cloud-services-starter-service-registry/1.3.0.RELEASE/946cfc9fb995d4279f7a5fe16f31bf69aff024db/spring-cloud-services-starter-service-registry-1.3.0.RELEASE.jar:/Users/tyreesolomon-phillips/.gradle/caches/modules-2/files-2.1/mysql/mysql-connector-java/5.1.46/9a3e63b387e376364211e96827bc27db8d7a92e9/mysql-connector-java-5.1.46.jar:/Users/tyreesolomon-phillips/.gradle/caches/modules-2/files-2.1/org.springframework.boot/spring-boot-devtools/1.5.14.RELEASE/5733e58ca1a204c4abd02c0b0f21182070e5a732/spring-boot-devtools-1.5.14.RELEASE.jar:/Users/tyreesolomon-phillips/.gradle/caches/modules-2/files-2.1/com.h2database/h2/1.4.197/bb391050048ca8ae3e32451b5a3714ecd3596a46/h2-1.4.197.jar:/Users/tyreesolomon-phillips/.gradle/caches/modules-2/files-2.1/org.springframework.boot/spring-boot-starter-test/1.5.14.RELEASE/52196e5194feeb54d302752246a1b3e205eef237/spring-boot-starter-test-1.5.14.RELEASE.jar:/Users/tyreesolomon-phillips/.gradle/caches/modules-2/files-2.1/org.springframework.boot/spring-boot-starter/1.5.14.RELEASE/f890a2d65f01f8c63bf5a4472a2b28986a5aeb43/spring-boot-starter-1.5.14.RELEASE.jar:/Users/tyreesolomon-phillips/.gradle/caches/modules-2/files-2.1/org.springframework.boot/spring-boot-starter-aop/1.5.14.RELEASE/356db50e4875cdc706e4f298761bd864edcae400/spring-boot-starter-aop-1.5.14.RELEASE.jar:/Users/tyreesolomon-phillips/.gradle/caches/modules-2/files-2.1/org.hibernate/hibernate-core/5.0.12.Final/e58bf1c660e6706d8e2cbb53bae110f574366102/hibernate-core-5.0.12.Final.jar:/Users/tyreesolomon-phillips/.gradle/caches/modules-2/files-2.1/org.hibernate/hibernate-entitymanager/5.0.12.Final/302a526f5058290e9cbd719a5caf9f248d344719/hibernate-entitymanager-5.0.12.Final.jar:/Users/tyreesolomon-phillips/.gradle/caches/modules-2/files-2.1/javax.transaction/javax.transaction-api/1.2/d81aff979d603edd90dcd8db2abc1f4ce6479e3e/javax.transaction-api-1.2.jar:/Users/tyreesolomon-phillips/.gradle/caches/modules-2/files-2.1/org.springframework.data/spring-data-jpa/1.11.13.RELEASE/71fa865eb8446dc29d9a4765432f7728fe9a88be/spring-data-jpa-1.11.13.RELEASE.jar:/Users/tyreesolomon-phillips/.gradle/caches/modules-2/files-2.1/org.springframework/spring-aspects/4.3.18.RELEASE/d7ff868830a15461ff749bea6860590f41777425/spring-aspects-4.3.18.RELEASE.jar:/Users/tyreesolomon-phillips/.gradle/caches/modules-2/files-2.1/org.apache.tomcat/tomcat-jdbc/8.5.31/7caa97fbe2765d3ed89adc036b852cc46456e415/tomcat-jdbc-8.5.31.jar:/Users/tyreesolomon-phillips/.gradle/caches/modules-2/files-2.1/org.springframework/spring-jdbc/4.3.18.RELEASE/816bc40759cd07ec50b86b1472aa021813387114/spring-jdbc-4.3.18.RELEASE.jar:/Users/tyreesolomon-phillips/.gradle/caches/modules-2/files-2.1/org.springframework.data/spring-data-rest-webmvc/2.6.13.RELEASE/15022882aaef6c1b8ea510fd05d8c3f8895fa5ad/spring-data-rest-webmvc-2.6.13.RELEASE.jar:/Users/tyreesolomon-phillips/.gradle/caches/modules-2/files-2.1/org.springframework.boot/spring-boot-starter-tomcat/1.5.14.RELEASE/ec97b1bdac6feee248116a79c537023894950e4c/spring-boot-starter-tomcat-1.5.14.RELEASE.jar:/Users/tyreesolomon-phillips/.gradle/caches/modules-2/files-2.1/org.hibernate/hibernate-validator/5.3.6.Final/4c730be8bf55a8e9a61e79a2f2c079abf48b718/hibernate-validator-5.3.6.Final.jar:/Users/tyreesolomon-phillips/.gradle/caches/modules-2/files-2.1/org.springframework/spring-web/4.3.18.RELEASE/e41042a70a7d80da52261c1dfc569c7518b70dce/spring-web-4.3.18.RELEASE.jar:/Users/tyreesolomon-phillips/.gradle/caches/modules-2/files-2.1/org.springframework/spring-webmvc/4.3.18.RELEASE/67ad7f59830df97ab73f8c7ab53ea33ae7dcb68/spring-webmvc-4.3.18.RELEASE.jar:/Users/tyreesolomon-phillips/.gradle/caches/modules-2/files-2.1/org.springframework.cloud/spring-cloud-starter-eureka/1.2.2.RELEASE/8d927b83ffe738d028baf0eed137626617418ac2/spring-cloud-starter-eureka-1.2.2.RELEASE.jar:/Users/tyreesolomon-phillips/.gradle/caches/modules-2/files-2.1/org.springframework.security.oauth/spring-security-oauth2/2.0.15.RELEASE/791b7060abe9172bd29033c321f6d455e299e48f/spring-security-oauth2-2.0.15.RELEASE.jar:/Users/tyreesolomon-phillips/.gradle/caches/modules-2/files-2.1/io.pivotal.spring.cloud/spring-cloud-services-cloudfoundry-connector/1.3.0.RELEASE/e5dcc17214c01325fd58a353040174cca67ba441/spring-cloud-services-cloudfoundry-connector-1.3.0.RELEASE.jar:/Users/tyreesolomon-phillips/.gradle/caches/modules-2/files-2.1/io.pivotal.spring.cloud/spring-cloud-services-spring-connector/1.3.0.RELEASE/cae213e6216fcbf3c4355098fe7ea5c489ba260c/spring-cloud-services-spring-connector-1.3.0.RELEASE.jar:/Users/tyreesolomon-phillips/.gradle/caches/modules-2/files-2.1/io.pivotal.spring.cloud/cloudfoundry-certificate-truster/1.0.1.RELEASE/a2f11ea882e288e2afd19c0c4f230905d4844cb8/cloudfoundry-certificate-truster-1.0.1.RELEASE.jar:/Users/tyreesolomon-phillips/.gradle/caches/modules-2/files-2.1/org.springframework.boot/spring-boot/1.5.14.RELEASE/af490756d8a0d3c0dcfb5372f4586afce6b3c960/spring-boot-1.5.14.RELEASE.jar:/Users/tyreesolomon-phillips/.gradle/caches/modules-2/files-2.1/org.springframework.boot/spring-boot-autoconfigure/1.5.14.RELEASE/a33f2ce0b5c4a41d61aa5fa1817d0055dea7150e/spring-boot-autoconfigure-1.5.14.RELEASE.jar:/Users/tyreesolomon-phillips/.gradle/caches/modules-2/files-2.1/org.springframework.boot/spring-boot-test/1.5.14.RELEASE/4af443ced531a37da4a67274dac2a3464b8f74a1/spring-boot-test-1.5.14.RELEASE.jar:/Users/tyreesolomon-phillips/.gradle/caches/modules-2/files-2.1/org.springframework.boot/spring-boot-test-autoconfigure/1.5.14.RELEASE/ad132e99413ffcf2ef3ac43f6f5dfff34e8d0c06/spring-boot-test-autoconfigure-1.5.14.RELEASE.jar:/Users/tyreesolomon-phillips/.gradle/caches/modules-2/files-2.1/com.jayway.jsonpath/json-path/2.2.0/22290d17944bd239fabf5ac69005a60a7ecbbbcb/json-path-2.2.0.jar:/Users/tyreesolomon-phillips/.gradle/caches/modules-2/files-2.1/junit/junit/4.12/2973d150c0dc1fefe998f834810d68f278ea58ec/junit-4.12.jar:/Users/tyreesolomon-phillips/.gradle/caches/modules-2/files-2.1/org.assertj/assertj-core/2.6.0/b532c3fc4f66bcfee4989a3514f1cd56203a33ad/assertj-core-2.6.0.jar:/Users/tyreesolomon-phillips/.gradle/caches/modules-2/files-2.1/org.mockito/mockito-core/1.10.19/e8546f5bef4e061d8dd73895b4e8f40e3fe6effe/mockito-core-1.10.19.jar:/Users/tyreesolomon-phillips/.gradle/caches/modules-2/files-2.1/org.hamcrest/hamcrest-core/1.3/42a25dc3219429f0e5d060061f71acb49bf010a0/hamcrest-core-1.3.jar:/Users/tyreesolomon-phillips/.gradle/caches/modules-2/files-2.1/org.hamcrest/hamcrest-library/1.3/4785a3c21320980282f9f33d0d1264a69040538f/hamcrest-library-1.3.jar:/Users/tyreesolomon-phillips/.gradle/caches/modules-2/files-2.1/org.skyscreamer/jsonassert/1.2.3/2cb01fdff70caf688561d877cea55451ab164527/jsonassert-1.2.3.jar:/Users/tyreesolomon-phillips/.gradle/caches/modules-2/files-2.1/org.springframework/spring-core/4.3.18.RELEASE/4acbce682c3dfe38181d57b7e0792e2cc21e4f77/spring-core-4.3.18.RELEASE.jar:/Users/tyreesolomon-phillips/.gradle/caches/modules-2/files-2.1/org.springframework/spring-test/4.3.18.RELEASE/1995997f20dcb66d44c252bb6d1a06eff00b465e/spring-test-4.3.18.RELEASE.jar:/Users/tyreesolomon-phillips/.gradle/caches/modules-2/files-2.1/org.springframework.boot/spring-boot-starter-logging/1.5.14.RELEASE/970e7424050d1d1179640ec53b24953fa29fdcbd/spring-boot-starter-logging-1.5.14.RELEASE.jar:/Users/tyreesolomon-phillips/.gradle/caches/modules-2/files-2.1/org.yaml/snakeyaml/1.17/7a27ea250c5130b2922b86dea63cbb1cc10a660c/snakeyaml-1.17.jar:/Users/tyreesolomon-phillips/.gradle/caches/modules-2/files-2.1/org.springframework/spring-aop/4.3.18.RELEASE/dd930265a504563d76de79864ae3196f6e9035e0/spring-aop-4.3.18.RELEASE.jar:/Users/tyreesolomon-phillips/.gradle/caches/modules-2/files-2.1/org.aspectj/aspectjweaver/1.8.13/ad94df2a28d658a40dc27bbaff6a1ce5fbf04e9b/aspectjweaver-1.8.13.jar:/Users/tyreesolomon-phillips/.gradle/caches/modules-2/files-2.1/org.jboss.logging/jboss-logging/3.3.2.Final/3789d00e859632e6c6206adc0c71625559e6e3b0/jboss-logging-3.3.2.Final.jar:/Users/tyreesolomon-phillips/.gradle/caches/modules-2/files-2.1/org.hibernate.javax.persistence/hibernate-jpa-2.1-api/1.0.0.Final/5e731d961297e5a07290bfaf3db1fbc8bbbf405a/hibernate-jpa-2.1-api-1.0.0.Final.jar:/Users/tyreesolomon-phillips/.gradle/caches/modules-2/files-2.1/org.javassist/javassist/3.21.0-GA/598244f595db5c5fb713731eddbb1c91a58d959b/javassist-3.21.0-GA.jar:/Users/tyreesolomon-phillips/.gradle/caches/modules-2/files-2.1/antlr/antlr/2.7.7/83cd2cd674a217ade95a4bb83a8a14f351f48bd0/antlr-2.7.7.jar:/Users/tyreesolomon-phillips/.gradle/caches/modules-2/files-2.1/org.jboss/jandex/2.0.0.Final/3e899258936f94649c777193e1be846387ed54b3/jandex-2.0.0.Final.jar:/Users/tyreesolomon-phillips/.gradle/caches/modules-2/files-2.1/dom4j/dom4j/1.6.1/5d3ccc056b6f056dbf0dddfdf43894b9065a8f94/dom4j-1.6.1.jar:/Users/tyreesolomon-phillips/.gradle/caches/modules-2/files-2.1/org.hibernate.common/hibernate-commons-annotations/5.0.1.Final/71e1cff3fcb20d3b3af4f3363c3ddb24d33c6879/hibernate-commons-annotations-5.0.1.Final.jar:/Users/tyreesolomon-phillips/.gradle/caches/modules-2/files-2.1/org.springframework.data/spring-data-commons/1.13.13.RELEASE/9f51e01185ef86a433a3b490b3b15bd903a26199/spring-data-commons-1.13.13.RELEASE.jar:/Users/tyreesolomon-phillips/.gradle/caches/modules-2/files-2.1/org.springframework/spring-orm/4.3.18.RELEASE/f5f7cef67e9729f0f96a89441ae24980c7339da8/spring-orm-4.3.18.RELEASE.jar:/Users/tyreesolomon-phillips/.gradle/caches/modules-2/files-2.1/org.springframework/spring-context/4.3.18.RELEASE/d302953b509e6d380856e245bf80c29770c08c98/spring-context-4.3.18.RELEASE.jar:/Users/tyreesolomon-phillips/.gradle/caches/modules-2/files-2.1/org.springframework/spring-tx/4.3.18.RELEASE/b6b7938f7d8ba412b6663a8b950592557c2d996e/spring-tx-4.3.18.RELEASE.jar:/Users/tyreesolomon-phillips/.gradle/caches/modules-2/files-2.1/org.springframework/spring-beans/4.3.18.RELEASE/27460686b16b3ffee60bb3365cd56bba6ed860ff/spring-beans-4.3.18.RELEASE.jar:/Users/tyreesolomon-phillips/.gradle/caches/modules-2/files-2.1/org.slf4j/slf4j-api/1.7.25/da76ca59f6a57ee3102f8f9bd9cee742973efa8a/slf4j-api-1.7.25.jar:/Users/tyreesolomon-phillips/.gradle/caches/modules-2/files-2.1/org.slf4j/jcl-over-slf4j/1.7.25/f8c32b13ff142a513eeb5b6330b1588dcb2c0461/jcl-over-slf4j-1.7.25.jar:/Users/tyreesolomon-phillips/.gradle/caches/modules-2/files-2.1/org.apache.tomcat/tomcat-juli/8.5.31/603fb6e0ddd216b53a803801561661ae9c294ff/tomcat-juli-8.5.31.jar:/Users/tyreesolomon-phillips/.gradle/caches/modules-2/files-2.1/org.springframework.data/spring-data-rest-core/2.6.13.RELEASE/bc2572c9390364895b6848775a17f443448bf132/spring-data-rest-core-2.6.13.RELEASE.jar:/Users/tyreesolomon-phillips/.gradle/caches/modules-2/files-2.1/org.apache.tomcat.embed/tomcat-embed-core/8.5.31/f5adf7ed8c34aa005b22b6a2dc7b6796e10e9c79/tomcat-embed-core-8.5.31.jar:/Users/tyreesolomon-phillips/.gradle/caches/modules-2/files-2.1/org.apache.tomcat.embed/tomcat-embed-el/8.5.31/3a536e1ac71b82627c3a7408eb38fa0704cb9034/tomcat-embed-el-8.5.31.jar:/Users/tyreesolomon-phillips/.gradle/caches/modules-2/files-2.1/org.apache.tomcat.embed/tomcat-embed-websocket/8.5.31/6564e716b89de5eaa0dd234ae7989576503ddf3/tomcat-embed-websocket-8.5.31.jar:/Users/tyreesolomon-phillips/.gradle/caches/modules-2/files-2.1/javax.validation/validation-api/1.1.0.Final/8613ae82954779d518631e05daa73a6a954817d5/validation-api-1.1.0.Final.jar:/Users/tyreesolomon-phillips/.gradle/caches/modules-2/files-2.1/com.fasterxml/classmate/1.3.4/3d5f48f10bbe4eb7bd862f10c0583be2e0053c6/classmate-1.3.4.jar:/Users/tyreesolomon-phillips/.gradle/caches/modules-2/files-2.1/org.springframework/spring-expression/4.3.18.RELEASE/64f2270bfd9d615c8c3b9d94995867f39391ed30/spring-expression-4.3.18.RELEASE.jar:/Users/tyreesolomon-phillips/.gradle/caches/modules-2/files-2.1/org.springframework.cloud/spring-cloud-starter/1.1.5.RELEASE/9083d0625803f22ada8fc4a18ace773c14eea4cf/spring-cloud-starter-1.1.5.RELEASE.jar:/Users/tyreesolomon-phillips/.gradle/caches/modules-2/files-2.1/org.springframework.cloud/spring-cloud-netflix-core/1.2.2.RELEASE/71ef701948c3aa2a6105d003b25d7b0499467e90/spring-cloud-netflix-core-1.2.2.RELEASE.jar:/Users/tyreesolomon-phillips/.gradle/caches/modules-2/files-2.1/org.springframework.cloud/spring-cloud-netflix-eureka-client/1.2.2.RELEASE/137f1f50d0563aee7c96571b5f45f3efb14de008/spring-cloud-netflix-eureka-client-1.2.2.RELEASE.jar:/Users/tyreesolomon-phillips/.gradle/caches/modules-2/files-2.1/com.netflix.eureka/eureka-client/1.4.11/ea776c57b92c7674bb64b891a106abdbad62e5dc/eureka-client-1.4.11.jar:/Users/tyreesolomon-phillips/.gradle/caches/modules-2/files-2.1/com.netflix.eureka/eureka-core/1.4.11/bc65cd5d0d1384db43d752621e989980f3c05819/eureka-core-1.4.11.jar:/Users/tyreesolomon-phillips/.gradle/caches/modules-2/files-2.1/org.springframework.cloud/spring-cloud-starter-archaius/1.2.2.RELEASE/d357b331b4253b440e4de2e72d551fb75531500f/spring-cloud-starter-archaius-1.2.2.RELEASE.jar:/Users/tyreesolomon-phillips/.gradle/caches/modules-2/files-2.1/org.springframework.cloud/spring-cloud-starter-ribbon/1.2.2.RELEASE/eca031a107320d931739fc69a7b0140cf5f8c1e1/spring-cloud-starter-ribbon-1.2.2.RELEASE.jar:/Users/tyreesolomon-phillips/.gradle/caches/modules-2/files-2.1/com.netflix.ribbon/ribbon-eureka/2.2.0/1c630f487c11725fa4a674126238621a11a991c/ribbon-eureka-2.2.0.jar:/Users/tyreesolomon-phillips/.gradle/caches/modules-2/files-2.1/com.thoughtworks.xstream/xstream/1.4.9/c43f6e6bfa79b56e04a8898a923c3cf7144dd460/xstream-1.4.9.jar:/Users/tyreesolomon-phillips/.gradle/caches/modules-2/files-2.1/org.springframework.security/spring-security-core/4.2.7.RELEASE/3b74ac31cb84d1cab6dcc55887391dfe593a30f6/spring-security-core-4.2.7.RELEASE.jar:/Users/tyreesolomon-phillips/.gradle/caches/modules-2/files-2.1/org.springframework.security/spring-security-config/4.2.7.RELEASE/5c096aa25285e3f8169b44c7dcf76166809921b1/spring-security-config-4.2.7.RELEASE.jar:/Users/tyreesolomon-phillips/.gradle/caches/modules-2/files-2.1/org.springframework.security/spring-security-web/4.2.7.RELEASE/d15e32de9efe00355f8cdd7cf61d98ae886dcd94/spring-security-web-4.2.7.RELEASE.jar:/Users/tyreesolomon-phillips/.gradle/caches/modules-2/files-2.1/commons-codec/commons-codec/1.10/4b95f4897fa13f2cd904aee711aeafc0c5295cd8/commons-codec-1.10.jar:/Users/tyreesolomon-phillips/.gradle/caches/modules-2/files-2.1/org.codehaus.jackson/jackson-mapper-asl/1.9.13/1ee2f2bed0e5dd29d1cb155a166e6f8d50bbddb7/jackson-mapper-asl-1.9.13.jar:/Users/tyreesolomon-phillips/.gradle/caches/modules-2/files-2.1/io.pivotal.spring.cloud/spring-cloud-services-connector-core/1.3.0.RELEASE/138066c4b9c46b802ec911e1a51e21621eefea72/spring-cloud-services-connector-core-1.3.0.RELEASE.jar:/Users/tyreesolomon-phillips/.gradle/caches/modules-2/files-2.1/org.springframework.cloud/spring-cloud-cloudfoundry-connector/1.2.6.RELEASE/40f483d396fb001654dd685115bb6883098a9f43/spring-cloud-cloudfoundry-connector-1.2.6.RELEASE.jar:/Users/tyreesolomon-phillips/.gradle/caches/modules-2/files-2.1/org.projectlombok/lombok/1.16.22/e555426550f54284fefb09065f2123a1d9be0b73/lombok-1.16.22.jar:/Users/tyreesolomon-phillips/.gradle/caches/modules-2/files-2.1/org.springframework.cloud/spring-cloud-spring-service-connector/1.2.6.RELEASE/67aff870fac92efac507a105a6111b62757a4c96/spring-cloud-spring-service-connector-1.2.6.RELEASE.jar:/Users/tyreesolomon-phillips/.gradle/caches/modules-2/files-2.1/net.minidev/json-smart/2.2.1/5b9e5df7a62d1279b70dc882b041d249c4f0b002/json-smart-2.2.1.jar:/Users/tyreesolomon-phillips/.gradle/caches/modules-2/files-2.1/org.objenesis/objenesis/2.1/87c0ea803b69252868d09308b4618f766f135a96/objenesis-2.1.jar:/Users/tyreesolomon-phillips/.gradle/caches/modules-2/files-2.1/org.json/json/20140107/d1ffca6e2482b002702c6a576166fd685e3370e3/json-20140107.jar:/Users/tyreesolomon-phillips/.gradle/caches/modules-2/files-2.1/ch.qos.logback/logback-classic/1.1.11/ccedfbacef4a6515d2983e3f89ed753d5d4fb665/logback-classic-1.1.11.jar:/Users/tyreesolomon-phillips/.gradle/caches/modules-2/files-2.1/org.slf4j/jul-to-slf4j/1.7.25/af5364cd6679bfffb114f0dec8a157aaa283b76/jul-to-slf4j-1.7.25.jar:/Users/tyreesolomon-phillips/.gradle/caches/modules-2/files-2.1/org.slf4j/log4j-over-slf4j/1.7.25/a87bb47468f47ee7aabbd54f93e133d4215769c3/log4j-over-slf4j-1.7.25.jar:/Users/tyreesolomon-phillips/.gradle/caches/modules-2/files-2.1/org.springframework.hateoas/spring-hateoas/0.23.0.RELEASE/678ffa0798f417a794fea592dc8066e325611919/spring-hateoas-0.23.0.RELEASE.jar:/Users/tyreesolomon-phillips/.gradle/caches/modules-2/files-2.1/org.springframework.plugin/spring-plugin-core/1.2.0.RELEASE/f380e7760032e7d929184f8ad8a33716b75c0657/spring-plugin-core-1.2.0.RELEASE.jar:/Users/tyreesolomon-phillips/.gradle/caches/modules-2/files-2.1/org.atteo/evo-inflector/1.2.2/2551aad98d65ac5464d81fe05f0e1516cfe471c9/evo-inflector-1.2.2.jar:/Users/tyreesolomon-phillips/.gradle/caches/modules-2/files-2.1/org.apache.tomcat/tomcat-annotations-api/8.5.31/f0758d8b5d1404cc25f98945bdd5959699658b4a/tomcat-annotations-api-8.5.31.jar:/Users/tyreesolomon-phillips/.gradle/caches/modules-2/files-2.1/org.springframework.cloud/spring-cloud-context/1.1.5.RELEASE/db8960752c318c55af422bda54d26ad99c7a994b/spring-cloud-context-1.1.5.RELEASE.jar:/Users/tyreesolomon-phillips/.gradle/caches/modules-2/files-2.1/org.springframework.cloud/spring-cloud-commons/1.1.5.RELEASE/85c3a7c7d72c1ba79abdbbcc722acdaeb7d351c1/spring-cloud-commons-1.1.5.RELEASE.jar:/Users/tyreesolomon-phillips/.gradle/caches/modules-2/files-2.1/org.springframework.security/spring-security-rsa/1.0.3.RELEASE/b0b1ee770597b5de1b51e9a889dfd2dc35d251b0/spring-security-rsa-1.0.3.RELEASE.jar:/Users/tyreesolomon-phillips/.gradle/caches/modules-2/files-2.1/org.codehaus.jettison/jettison/1.3.7/7d36a59a0577f11b12088b9e215d6860345b9e1d/jettison-1.3.7.jar:/Users/tyreesolomon-phillips/.gradle/caches/modules-2/files-2.1/com.netflix.netflix-commons/netflix-eventbus/0.3.0/3f864adbe81f0849729fcbba3fe693c32be739ea/netflix-eventbus-0.3.0.jar:/Users/tyreesolomon-phillips/.gradle/caches/modules-2/files-2.1/com.netflix.archaius/archaius-core/0.7.4/d6b5e5c541452248fd8565ccd0732623c81a30b5/archaius-core-0.7.4.jar:/Users/tyreesolomon-phillips/.gradle/caches/modules-2/files-2.1/javax.ws.rs/jsr311-api/1.1.1/59033da2a1afd56af1ac576750a8d0b1830d59e6/jsr311-api-1.1.1.jar:/Users/tyreesolomon-phillips/.gradle/caches/modules-2/files-2.1/com.netflix.servo/servo-core/0.10.1/7461ed61647f9996c88ad822546ffc7851a45e0e/servo-core-0.10.1.jar:/Users/tyreesolomon-phillips/.gradle/caches/modules-2/files-2.1/com.sun.jersey/jersey-core/1.19.1/4282d106f2acd5051bd9bc2935ed9a2920c9385/jersey-core-1.19.1.jar:/Users/tyreesolomon-phillips/.gradle/caches/modules-2/files-2.1/com.sun.jersey/jersey-client/1.19.1/2df97ebd4e5c01599584c45caa3aeb563d268eef/jersey-client-1.19.1.jar:/Users/tyreesolomon-phillips/.gradle/caches/modules-2/files-2.1/com.sun.jersey.contribs/jersey-apache-client4/1.19.1/e1c45701a003097ace96bed4bc8fb937e9867498/jersey-apache-client4-1.19.1.jar:/Users/tyreesolomon-phillips/.gradle/caches/modules-2/files-2.1/org.apache.httpcomponents/httpclient/4.5/a1e6cbb3cc2c5f210dd1310ff9fcb2c09c0d1438/httpclient-4.5.jar:/Users/tyreesolomon-phillips/.gradle/caches/modules-2/files-2.1/com.google.inject/guice/4.0/f990a43d3725781b6db7cd0acf0a8b62dfd1649/guice-4.0.jar:/Users/tyreesolomon-phillips/.gradle/caches/modules-2/files-2.1/com.netflix.governator/governator-api/1.12.10/dc148726471b269f58789f74826ebcb7d0901462/governator-api-1.12.10.jar:/Users/tyreesolomon-phillips/.gradle/caches/modules-2/files-2.1/com.netflix.governator/governator/1.12.10/15348d5565642cc2f0903f4cacfedf57b87d582f/governator-1.12.10.jar:/Users/tyreesolomon-phillips/.gradle/caches/modules-2/files-2.1/org.codehaus.woodstox/woodstox-core-asl/4.4.1/84fee5eb1a4a1cefe65b6883c73b3fa83be3c1a1/woodstox-core-asl-4.4.1.jar:/Users/tyreesolomon-phillips/.gradle/caches/modules-2/files-2.1/commons-configuration/commons-configuration/1.8/6cce40435bcd8018018f16898de01976b319941a/commons-configuration-1.8.jar:/Users/tyreesolomon-phillips/.gradle/caches/modules-2/files-2.1/com.google.guava/guava/18.0/cce0823396aa693798f8882e64213b1772032b09/guava-18.0.jar:/Users/tyreesolomon-phillips/.gradle/caches/modules-2/files-2.1/org.springframework.retry/spring-retry/1.2.2.RELEASE/638928732585c450e461f0a132b6834ad7cf3af0/spring-retry-1.2.2.RELEASE.jar:/Users/tyreesolomon-phillips/.gradle/caches/modules-2/files-2.1/com.netflix.ribbon/ribbon/2.2.0/5c906c20896e72c60231b7367249e8d329d7565f/ribbon-2.2.0.jar:/Users/tyreesolomon-phillips/.gradle/caches/modules-2/files-2.1/com.netflix.ribbon/ribbon-core/2.2.0/6033ba88ac7ce1e76337f66a74121e0b9886391d/ribbon-core-2.2.0.jar:/Users/tyreesolomon-phillips/.gradle/caches/modules-2/files-2.1/com.netflix.ribbon/ribbon-httpclient/2.2.0/ae3677b0fb963fad3198fe7324030a6f7c8ba6c2/ribbon-httpclient-2.2.0.jar:/Users/tyreesolomon-phillips/.gradle/caches/modules-2/files-2.1/com.netflix.ribbon/ribbon-loadbalancer/2.2.0/6f96ecf9cfa330403ade3d8db619aa0c500ca13e/ribbon-loadbalancer-2.2.0.jar:/Users/tyreesolomon-phillips/.gradle/caches/modules-2/files-2.1/io.reactivex/rxjava/1.1.10/2ac360e8a47601a8dfd044e646f05b99d151f2e0/rxjava-1.1.10.jar:/Users/tyreesolomon-phillips/.gradle/caches/modules-2/files-2.1/xmlpull/xmlpull/1.1.3.1/2b8e230d2ab644e4ecaa94db7cdedbc40c805dfa/xmlpull-1.1.3.1.jar:/Users/tyreesolomon-phillips/.gradle/caches/modules-2/files-2.1/xpp3/xpp3_min/1.1.4c/19d4e90b43059058f6e056f794f0ea4030d60b86/xpp3_min-1.1.4c.jar:/Users/tyreesolomon-phillips/.gradle/caches/modules-2/files-2.1/aopalliance/aopalliance/1.0/235ba8b489512805ac13a8f9ea77a1ca5ebe3e8/aopalliance-1.0.jar:/Users/tyreesolomon-phillips/.gradle/caches/modules-2/files-2.1/org.codehaus.jackson/jackson-core-asl/1.9.13/3c304d70f42f832e0a86d45bd437f692129299a4/jackson-core-asl-1.9.13.jar:/Users/tyreesolomon-phillips/.gradle/caches/modules-2/files-2.1/org.springframework.cloud/spring-cloud-core/1.2.6.RELEASE/fc95818c89c2f4884adfab7d5348f4e7fd13a531/spring-cloud-core-1.2.6.RELEASE.jar:/Users/tyreesolomon-phillips/.gradle/caches/modules-2/files-2.1/net.minidev/accessors-smart/1.1/a527213f2fea112a04c9bdf0ec0264e34104cd08/accessors-smart-1.1.jar:/Users/tyreesolomon-phillips/.gradle/caches/modules-2/files-2.1/ch.qos.logback/logback-core/1.1.11/88b8df40340eed549fb07e2613879bf6b006704d/logback-core-1.1.11.jar:/Users/tyreesolomon-phillips/.gradle/caches/modules-2/files-2.1/org.springframework.security/spring-security-crypto/4.2.7.RELEASE/42b99b255fa47f0cc6736e418ec9c6ad0e6c0120/spring-security-crypto-4.2.7.RELEASE.jar:/Users/tyreesolomon-phillips/.gradle/caches/modules-2/files-2.1/org.bouncycastle/bcpkix-jdk15on/1.55/6392d8cba22b722c6570d660ca0b3921ff1bae4f/bcpkix-jdk15on-1.55.jar:/Users/tyreesolomon-phillips/.gradle/caches/modules-2/files-2.1/stax/stax-api/1.0.1/49c100caf72d658aca8e58bd74a4ba90fa2b0d70/stax-api-1.0.1.jar:/Users/tyreesolomon-phillips/.gradle/caches/modules-2/files-2.1/com.netflix.netflix-commons/netflix-infix/0.3.0/acc65969f7367ddd2f1265e0cd7330509ed530dc/netflix-infix-0.3.0.jar:/Users/tyreesolomon-phillips/.gradle/caches/modules-2/files-2.1/org.apache.commons/commons-math/2.2/4877b85d388275f994a5cfc7eceb73a8045d3006/commons-math-2.2.jar:/Users/tyreesolomon-phillips/.gradle/caches/modules-2/files-2.1/com.netflix.servo/servo-internal/0.10.1/bb6f9cd7b309189bad01b93a806ba9d6cb5d915a/servo-internal-0.10.1.jar:/Users/tyreesolomon-phillips/.gradle/caches/modules-2/files-2.1/org.apache.httpcomponents/httpcore/4.4.1/f5aa318bda4c6c8d688c9d00b90681dcd82ce636/httpcore-4.4.1.jar:/Users/tyreesolomon-phillips/.gradle/caches/modules-2/files-2.1/javax.inject/javax.inject/1/6975da39a7040257bd51d21a231b76c915872d38/javax.inject-1.jar:/Users/tyreesolomon-phillips/.gradle/caches/modules-2/files-2.1/com.netflix.governator/governator-core/1.12.10/87401d6d5ec5d32323b007f1a8a4f2b7a7527c36/governator-core-1.12.10.jar:/Users/tyreesolomon-phillips/.gradle/caches/modules-2/files-2.1/org.ow2.asm/asm/5.0.4/da08b8cce7bbf903602a25a3a163ae252435795/asm-5.0.4.jar:/Users/tyreesolomon-phillips/.gradle/caches/modules-2/files-2.1/javax.xml.stream/stax-api/1.0-2/d6337b0de8b25e53e81b922352fbea9f9f57ba0b/stax-api-1.0-2.jar:/Users/tyreesolomon-phillips/.gradle/caches/modules-2/files-2.1/org.codehaus.woodstox/stax2-api/3.1.4/ac19014b1e6a7c08aad07fe114af792676b685b7/stax2-api-3.1.4.jar:/Users/tyreesolomon-phillips/.gradle/caches/modules-2/files-2.1/commons-lang/commons-lang/2.6/ce1edb914c94ebc388f086c6827e8bdeec71ac2/commons-lang-2.6.jar:/Users/tyreesolomon-phillips/.gradle/caches/modules-2/files-2.1/com.netflix.ribbon/ribbon-transport/2.2.0/e094ddf98801b54597c7e12365fbf11b948e83db/ribbon-transport-2.2.0.jar:/Users/tyreesolomon-phillips/.gradle/caches/modules-2/files-2.1/com.netflix.hystrix/hystrix-core/1.5.6/251a5f5a0ed860432c6f26fc37fc67783b2a898b/hystrix-core-1.5.6.jar:/Users/tyreesolomon-phillips/.gradle/caches/modules-2/files-2.1/io.reactivex/rxnetty/0.4.9/5aff3c9d6bb9d9066c378bb3d2a4413ed1773bcf/rxnetty-0.4.9.jar:/Users/tyreesolomon-phillips/.gradle/caches/modules-2/files-2.1/commons-collections/commons-collections/3.2.2/8ad72fe39fa8c91eaaf12aadb21e0c3661fe26d5/commons-collections-3.2.2.jar:/Users/tyreesolomon-phillips/.gradle/caches/modules-2/files-2.1/com.netflix.netflix-commons/netflix-commons-util/0.1.1/39e67061780476f207b31465baaed84a91ff659f/netflix-commons-util-0.1.1.jar:/Users/tyreesolomon-phillips/.gradle/caches/modules-2/files-2.1/com.netflix.netflix-commons/netflix-statistics/0.1.1/12f6e48253f9cafa0e24d7d232ff504c52143212/netflix-statistics-0.1.1.jar:/Users/tyreesolomon-phillips/.gradle/caches/modules-2/files-2.1/org.bouncycastle/bcprov-jdk15on/1.55/935f2e57a00ec2c489cbd2ad830d4a399708f979/bcprov-jdk15on-1.55.jar:/Users/tyreesolomon-phillips/.gradle/caches/modules-2/files-2.1/commons-jxpath/commons-jxpath/1.3/c22d7d0f0f40eb7059a23cfa61773a416768b137/commons-jxpath-1.3.jar:/Users/tyreesolomon-phillips/.gradle/caches/modules-2/files-2.1/joda-time/joda-time/2.7/5599707a3eaad13e889f691b3af78c8c03842195/joda-time-2.7.jar:/Users/tyreesolomon-phillips/.gradle/caches/modules-2/files-2.1/org.antlr/antlr-runtime/3.4/8f011408269a8e42b8548687e137d8eeb56df4b4/antlr-runtime-3.4.jar:/Users/tyreesolomon-phillips/.gradle/caches/modules-2/files-2.1/com.google.code.gson/gson/2.3.1/ecb6e1f8e4b0e84c4b886c2f14a1500caf309757/gson-2.3.1.jar:/Users/tyreesolomon-phillips/.gradle/caches/modules-2/files-2.1/com.google.inject.extensions/guice-multibindings/4.0/f4509545b4470bbcc865aa500ad6fef2e97d28bf/guice-multibindings-4.0.jar:/Users/tyreesolomon-phillips/.gradle/caches/modules-2/files-2.1/com.google.inject.extensions/guice-grapher/4.0/4e611ae9b12bfc4ddd430a58c65ba1c4328eeaf9/guice-grapher-4.0.jar:/Users/tyreesolomon-phillips/.gradle/caches/modules-2/files-2.1/io.reactivex/rxnetty-contexts/0.4.9/6efe17a25602a5424c18ab975aa9c28b6d6b7f56/rxnetty-contexts-0.4.9.jar:/Users/tyreesolomon-phillips/.gradle/caches/modules-2/files-2.1/io.reactivex/rxnetty-servo/0.4.9/b7d6d6e132686c280f16710eaa3e90719f6808f8/rxnetty-servo-0.4.9.jar:/Users/tyreesolomon-phillips/.gradle/caches/modules-2/files-2.1/org.hdrhistogram/HdrHistogram/2.1.9/e4631ce165eb400edecfa32e03d3f1be53dee754/HdrHistogram-2.1.9.jar:/Users/tyreesolomon-phillips/.gradle/caches/modules-2/files-2.1/io.netty/netty-codec-http/4.0.27.Final/59b04b31b58942615c0035c61db1167d118ee218/netty-codec-http-4.0.27.Final.jar:/Users/tyreesolomon-phillips/.gradle/caches/modules-2/files-2.1/io.netty/netty-transport-native-epoll/4.0.27.Final/3da4eda5697a09c9f8e217bc6a0f265b5b5102c5/netty-transport-native-epoll-4.0.27.Final.jar:/Users/tyreesolomon-phillips/.gradle/caches/modules-2/files-2.1/org.antlr/stringtemplate/3.2.1/59ec8083721eae215c6f3caee944c410d2be34de/stringtemplate-3.2.1.jar:/Users/tyreesolomon-phillips/.gradle/caches/modules-2/files-2.1/com.google.inject.extensions/guice-assistedinject/4.0/8fa6431da1a2187817e3e52e967535899e2e46ca/guice-assistedinject-4.0.jar:/Users/tyreesolomon-phillips/.gradle/caches/modules-2/files-2.1/io.netty/netty-codec/4.0.27.Final/8ed3790b480d4370d22ad1b74a79a54663619b3/netty-codec-4.0.27.Final.jar:/Users/tyreesolomon-phillips/.gradle/caches/modules-2/files-2.1/io.netty/netty-handler/4.0.27.Final/91d5c8e25150759bdfce680f318e7b3e8a493b1f/netty-handler-4.0.27.Final.jar:/Users/tyreesolomon-phillips/.gradle/caches/modules-2/files-2.1/io.netty/netty-common/4.0.27.Final/f9adee4559928c2e75d58b33e109c17342cb0991/netty-common-4.0.27.Final.jar:/Users/tyreesolomon-phillips/.gradle/caches/modules-2/files-2.1/io.netty/netty-buffer/4.0.27.Final/91d5d38fd5cfa7b507e4f82297ba2bf7f30be805/netty-buffer-4.0.27.Final.jar:/Users/tyreesolomon-phillips/.gradle/caches/modules-2/files-2.1/io.netty/netty-transport/4.0.27.Final/fc1e00d9d2815f74df6af1cf79da65d6b2d6b102/netty-transport-4.0.27.Final.jar, user.name=tyreesolomon-phillips, java.vm.specification.version=1.8, sun.java.command=worker.org.gradle.process.internal.worker.GradleWorkerMain 'Gradle Test Executor 1', java.home=/Library/Java/JavaVirtualMachines/jdk1.8.0_171.jdk/Contents/Home/jre, sun.arch.data.model=64, user.language=en, java.specification.vendor=Oracle Corporation, awt.toolkit=sun.lwawt.macosx.LWCToolkit, java.vm.info=mixed mode, java.version=1.8.0_171, java.ext.dirs=/Users/tyreesolomon-phillips/Library/Java/Extensions:/Library/Java/JavaVirtualMachines/jdk1.8.0_171.jdk/Contents/Home/jre/lib/ext:/Library/Java/Extensions:/Network/Library/Java/Extensions:/System/Library/Java/Extensions:/usr/lib/java, sun.boot.class.path=/Library/Java/JavaVirtualMachines/jdk1.8.0_171.jdk/Contents/Home/jre/lib/resources.jar:/Library/Java/JavaVirtualMachines/jdk1.8.0_171.jdk/Contents/Home/jre/lib/rt.jar:/Library/Java/JavaVirtualMachines/jdk1.8.0_171.jdk/Contents/Home/jre/lib/sunrsasign.jar:/Library/Java/JavaVirtualMachines/jdk1.8.0_171.jdk/Contents/Home/jre/lib/jsse.jar:/Library/Java/JavaVirtualMachines/jdk1.8.0_171.jdk/Contents/Home/jre/lib/jce.jar:/Library/Java/JavaVirtualMachines/jdk1.8.0_171.jdk/Contents/Home/jre/lib/charsets.jar:/Library/Java/JavaVirtualMachines/jdk1.8.0_171.jdk/Contents/Home/jre/lib/jfr.jar:/Library/Java/JavaVirtualMachines/jdk1.8.0_171.jdk/Contents/Home/jre/classes, java.vendor=Oracle Corporation, org.gradle.test.worker=1, file.separator=/, java.vendor.url.bug=http://bugreport.sun.com/bugreport/, sun.io.unicode.encoding=UnicodeBig, sun.cpu.endian=little, sun.cpu.isalist=}}, SystemEnvironmentPropertySource@853333958 {name='systemEnvironment', properties={PATH=/usr/local/bin:/usr/bin:/bin:/usr/sbin:/sbin, APP_NAME_16494=Gradle, JAVA_ARCH=x86_64, APP_ICON_16494=/Users/tyreesolomon-phillips/Documents/Github/week2challenge/media/gradle.icns, TERM=xterm-256color, LANG=en_US.UTF-8, LOGNAME=tyreesolomon-phillips, PWD=/Users/tyreesolomon-phillips/Documents/Github/week2challenge, TERM_PROGRAM_VERSION=404, XPC_SERVICE_NAME=0, SHELL=/bin/bash, TERM_PROGRAM=Apple_Terminal, JAVA_MAIN_CLASS_16505=worker.org.gradle.process.internal.worker.GradleWorkerMain, OLDPWD=/Users/tyreesolomon-phillips/Documents/Github/week2challenge, USER=tyreesolomon-phillips, TMPDIR=/var/folders/mj/c4hxlbvs3nxg5k3t271trc1h0000gn/T/, SSH_AUTH_SOCK=/private/tmp/com.apple.launchd.QLSMQ02XTZ/Listeners, XPC_FLAGS=0x0, TERM_SESSION_ID=20F04EBC-EA5D-4FD3-A748-02CF8C6A2537, __CF_USER_TEXT_ENCODING=0x1F5:0x0:0x0, JAVA_MAIN_CLASS_16494=org.gradle.wrapper.GradleWrapperMain, Apple_PubSub_Socket_Render=/private/tmp/com.apple.launchd.0ZrR8ok8XQ/Render, com.apple.java.jvmTask=CommandLine, SHLVL=1, HOME=/Users/tyreesolomon-phillips}}]
06:00:06.951 [Test worker] DEBUG org.springframework.core.env.MutablePropertySources - Adding PropertySource 'inline' with highest search precedence
06:00:06.955 [Test worker] DEBUG org.springframework.test.context.support.TestPropertySourceUtils - Adding inlined properties to environment: {spring.jmx.enabled=false, org.springframework.boot.test.autoconfigure.web.servlet.WebMvcTestContextBootstrapper=true, server.port=-1}
06:00:06.955 [Test worker] DEBUG org.springframework.core.env.StandardEnvironment - Adding PropertySource 'Inlined Test Properties' with highest search precedence
2018-07-24 06:00:07.642  INFO 16505 --- [    Test worker] s.c.a.AnnotationConfigApplicationContext : Refreshing org.springframework.context.annotation.AnnotationConfigApplicationContext@1879405: startup date [Tue Jul 24 06:00:07 CDT 2018]; root of context hierarchy
2018-07-24 06:00:07.890  INFO 16505 --- [    Test worker] f.a.AutowiredAnnotationBeanPostProcessor : JSR-330 'javax.inject.Inject' annotation found and supported for autowiring
2018-07-24 06:00:07.942  INFO 16505 --- [    Test worker] trationDelegate$BeanPostProcessorChecker : Bean 'configurationPropertiesRebinderAutoConfiguration' of type [org.springframework.cloud.autoconfigure.ConfigurationPropertiesRebinderAutoConfiguration$$EnhancerBySpringCGLIB$$a686a7b1] is not eligible for getting processed by all BeanPostProcessors (for example: not eligible for auto-proxying)

  .   ____          _            __ _ _
 /\\ / ___'_ __ _ _(_)_ __  __ _ \ \ \ \
( ( )\___ | '_ | '_| | '_ \/ _` | \ \ \ \
 \\/  ___)| |_)| | | | | || (_| |  ) ) ) )
  '  |____| .__|_| |_|_| |_\__, | / / / /
 =========|_|==============|___/=/_/_/_/
 :: Spring Boot ::       (v1.5.14.RELEASE)

2018-07-24 06:00:08.263  INFO 16505 --- [    Test worker] c.s.w.w.QuoteControllerTest              : No active profile set, falling back to default profiles: default
2018-07-24 06:00:08.265  INFO 16505 --- [    Test worker] o.s.w.c.s.GenericWebApplicationContext   : Refreshing org.springframework.web.context.support.GenericWebApplicationContext@2e6dfb35: startup date [Tue Jul 24 06:00:08 CDT 2018]; parent: org.springframework.context.annotation.AnnotationConfigApplicationContext@1879405
2018-07-24 06:00:08.728  INFO 16505 --- [    Test worker] f.a.AutowiredAnnotationBeanPostProcessor : JSR-330 'javax.inject.Inject' annotation found and supported for autowiring
2018-07-24 06:00:09.115  INFO 16505 --- [    Test worker] s.w.s.m.m.a.RequestMappingHandlerAdapter : Looking for @ControllerAdvice: org.springframework.web.context.support.GenericWebApplicationContext@2e6dfb35: startup date [Tue Jul 24 06:00:08 CDT 2018]; parent: org.springframework.context.annotation.AnnotationConfigApplicationContext@1879405
2018-07-24 06:00:09.174  INFO 16505 --- [    Test worker] s.w.s.m.m.a.RequestMappingHandlerMapping : Mapped "{[/error]}" onto public org.springframework.http.ResponseEntity<java.util.Map<java.lang.String, java.lang.Object>> org.springframework.boot.autoconfigure.web.BasicErrorController.error(javax.servlet.http.HttpServletRequest)
2018-07-24 06:00:09.175  INFO 16505 --- [    Test worker] s.w.s.m.m.a.RequestMappingHandlerMapping : Mapped "{[/error],produces=[text/html]}" onto public org.springframework.web.servlet.ModelAndView org.springframework.boot.autoconfigure.web.BasicErrorController.errorHtml(javax.servlet.http.HttpServletRequest,javax.servlet.http.HttpServletResponse)
2018-07-24 06:00:09.188  INFO 16505 --- [    Test worker] s.w.s.m.m.a.RequestMappingHandlerMapping : Mapped "{[/stocks/load],methods=[POST]}" onto public void com.solstice.week2challenge.week2challenge.controller.QuoteController.addAllStocks() throws java.io.IOException,java.text.ParseException
2018-07-24 06:00:09.188  INFO 16505 --- [    Test worker] s.w.s.m.m.a.RequestMappingHandlerMapping : Mapped "{[/stocks],methods=[GET]}" onto public java.lang.Iterable<com.solstice.week2challenge.week2challenge.model.Quote> com.solstice.week2challenge.week2challenge.controller.QuoteController.getAllStocks()
2018-07-24 06:00:09.189  INFO 16505 --- [    Test worker] s.w.s.m.m.a.RequestMappingHandlerMapping : Mapped "{[/stocks/{symbol}],methods=[GET]}" onto public java.util.ArrayList<com.solstice.week2challenge.week2challenge.model.Quote> com.solstice.week2challenge.week2challenge.controller.QuoteController.searchBySymbol(java.lang.String)
2018-07-24 06:00:09.189  INFO 16505 --- [    Test worker] s.w.s.m.m.a.RequestMappingHandlerMapping : Mapped "{[/stocks/maxprice/{date}/{symbol}],methods=[GET]}" onto public java.lang.Double com.solstice.week2challenge.week2challenge.controller.QuoteController.searchForMaxPrice(java.lang.String,java.lang.String)
2018-07-24 06:00:09.189  INFO 16505 --- [    Test worker] s.w.s.m.m.a.RequestMappingHandlerMapping : Mapped "{[/stocks/minprice/{date}/{symbol}],methods=[GET]}" onto public java.lang.Double com.solstice.week2challenge.week2challenge.controller.QuoteController.searchforLowestPrice(java.lang.String,java.lang.String)
2018-07-24 06:00:09.190  INFO 16505 --- [    Test worker] s.w.s.m.m.a.RequestMappingHandlerMapping : Mapped "{[/stocks/volume/{date}/{symbol}],methods=[GET]}" onto public java.lang.Integer com.solstice.week2challenge.week2challenge.controller.QuoteController.searchForTotalVolume(java.lang.String,java.lang.String)
2018-07-24 06:00:09.190  INFO 16505 --- [    Test worker] s.w.s.m.m.a.RequestMappingHandlerMapping : Mapped "{[/stocks/closingprice/{date}/{symbol}],methods=[GET]}" onto public java.lang.Double com.solstice.week2challenge.week2challenge.controller.QuoteController.searchForClosingPrice(java.lang.String,java.lang.String)
2018-07-24 06:00:09.190  INFO 16505 --- [    Test worker] s.w.s.m.m.a.RequestMappingHandlerMapping : Mapped "{[/stocks/symbol/{symbol}],methods=[GET]}" onto public java.lang.Integer com.solstice.week2challenge.week2challenge.controller.QuoteController.getIdFromSymbol(java.lang.String) throws java.io.IOException
2018-07-24 06:00:09.191  INFO 16505 --- [    Test worker] s.w.s.m.m.a.RequestMappingHandlerMapping : Mapped "{[/stocks],methods=[POST]}" onto public com.solstice.week2challenge.week2challenge.model.Quote com.solstice.week2challenge.week2challenge.controller.QuoteController.addStock(com.solstice.week2challenge.week2challenge.model.Quote)
2018-07-24 06:00:09.222  INFO 16505 --- [    Test worker] o.s.w.s.handler.SimpleUrlHandlerMapping  : Mapped URL path [/webjars/**] onto handler of type [class org.springframework.web.servlet.resource.ResourceHttpRequestHandler]
2018-07-24 06:00:09.222  INFO 16505 --- [    Test worker] o.s.w.s.handler.SimpleUrlHandlerMapping  : Mapped URL path [/**] onto handler of type [class org.springframework.web.servlet.resource.ResourceHttpRequestHandler]
2018-07-24 06:00:09.258  INFO 16505 --- [    Test worker] o.s.w.s.handler.SimpleUrlHandlerMapping  : Mapped URL path [/**/favicon.ico] onto handler of type [class org.springframework.web.servlet.resource.ResourceHttpRequestHandler]
2018-07-24 06:00:09.662  INFO 16505 --- [    Test worker] b.a.s.AuthenticationManagerConfiguration : 

Using default security password: 1ba55aa1-14d8-448b-99f1-956aab805643

2018-07-24 06:00:09.709  INFO 16505 --- [    Test worker] o.s.s.web.DefaultSecurityFilterChain     : Creating filter chain: OrRequestMatcher [requestMatchers=[Ant [pattern='/css/**'], Ant [pattern='/js/**'], Ant [pattern='/images/**'], Ant [pattern='/webjars/**'], Ant [pattern='/**/favicon.ico'], Ant [pattern='/error']]], []
2018-07-24 06:00:09.765  INFO 16505 --- [    Test worker] o.s.s.web.DefaultSecurityFilterChain     : Creating filter chain: org.springframework.boot.autoconfigure.security.SpringBootWebSecurityConfiguration$ApplicationNoWebSecurityConfigurerAdapter$1@68e7e852, [org.springframework.security.web.context.request.async.WebAsyncManagerIntegrationFilter@260d463c, org.springframework.security.web.context.SecurityContextPersistenceFilter@737f41e4, org.springframework.security.web.header.HeaderWriterFilter@5707f9a, org.springframework.security.web.csrf.CsrfFilter@750689b5, org.springframework.security.web.authentication.logout.LogoutFilter@683f313d, org.springframework.security.web.savedrequest.RequestCacheAwareFilter@61a4e4fb, org.springframework.security.web.servletapi.SecurityContextHolderAwareRequestFilter@704d0f5c, org.springframework.security.web.authentication.AnonymousAuthenticationFilter@372a3d19, org.springframework.security.web.session.SessionManagementFilter@39b4070a, org.springframework.security.web.access.ExceptionTranslationFilter@73b19ca]
2018-07-24 06:00:09.791  INFO 16505 --- [    Test worker] o.s.b.t.m.w.SpringBootMockServletContext : Initializing Spring FrameworkServlet ''
2018-07-24 06:00:09.791  INFO 16505 --- [    Test worker] o.s.t.web.servlet.TestDispatcherServlet  : FrameworkServlet '': initialization started
2018-07-24 06:00:09.802  INFO 16505 --- [    Test worker] o.s.t.web.servlet.TestDispatcherServlet  : FrameworkServlet '': initialization completed in 11 ms
2018-07-24 06:00:09.875  INFO 16505 --- [    Test worker] c.s.w.w.QuoteControllerTest              : Started QuoteControllerTest in 2.908 seconds (JVM running for 3.944)
]]></system-out>
  <system-err><![CDATA[]]></system-err>
</testsuite>
