<?xml version="1.0" encoding="UTF-8"?>
<testsuite name="com.solstice.week2challenge.week2challenge.QuoteServiceTest" tests="1" skipped="0" failures="0" errors="0" timestamp="2018-07-24T11:00:12" hostname="Tyree-Solomon-Phillips-MacBook-Pro.local" time="0.002">
  <properties/>
  <testcase name="testAddStock" classname="com.solstice.week2challenge.week2challenge.QuoteServiceTest" time="0.002"/>
  <system-out><![CDATA[2018-07-24 06:00:10.059  INFO 16505 --- [    Test worker] .b.t.c.SpringBootTestContextBootstrapper : Neither @ContextConfiguration nor @ContextHierarchy found for test class [com.solstice.week2challenge.week2challenge.QuoteServiceTest], using SpringBootContextLoader
2018-07-24 06:00:10.059  INFO 16505 --- [    Test worker] o.s.t.c.support.AbstractContextLoader    : Could not detect default resource locations for test class [com.solstice.week2challenge.week2challenge.QuoteServiceTest]: no resource found for suffixes {-context.xml, Context.groovy}.
2018-07-24 06:00:10.061  INFO 16505 --- [    Test worker] t.c.s.AnnotationConfigContextLoaderUtils : Could not detect default configuration classes for test class [com.solstice.week2challenge.week2challenge.QuoteServiceTest]: QuoteServiceTest does not declare any static, non-private, non-final, nested classes annotated with @Configuration.
2018-07-24 06:00:10.076  INFO 16505 --- [    Test worker] .b.t.c.SpringBootTestContextBootstrapper : Found @SpringBootConfiguration com.solstice.week2challenge.week2challenge.Week2ChallengeApplication for test class com.solstice.week2challenge.week2challenge.QuoteServiceTest
2018-07-24 06:00:10.079  INFO 16505 --- [    Test worker] .b.t.c.SpringBootTestContextBootstrapper : Loaded default TestExecutionListener class names from location [META-INF/spring.factories]: [org.springframework.boot.test.mock.mockito.MockitoTestExecutionListener, org.springframework.boot.test.mock.mockito.ResetMocksTestExecutionListener, org.springframework.boot.test.autoconfigure.restdocs.RestDocsTestExecutionListener, org.springframework.boot.test.autoconfigure.web.client.MockRestServiceServerResetTestExecutionListener, org.springframework.boot.test.autoconfigure.web.servlet.MockMvcPrintOnlyOnFailureTestExecutionListener, org.springframework.boot.test.autoconfigure.web.servlet.WebDriverTestExecutionListener, org.springframework.test.context.web.ServletTestExecutionListener, org.springframework.test.context.support.DirtiesContextBeforeModesTestExecutionListener, org.springframework.test.context.support.DependencyInjectionTestExecutionListener, org.springframework.test.context.support.DirtiesContextTestExecutionListener, org.springframework.test.context.transaction.TransactionalTestExecutionListener, org.springframework.test.context.jdbc.SqlScriptsTestExecutionListener]
2018-07-24 06:00:10.081  INFO 16505 --- [    Test worker] .b.t.c.SpringBootTestContextBootstrapper : Using TestExecutionListeners: [org.springframework.test.context.web.ServletTestExecutionListener@96646f7, org.springframework.test.context.support.DirtiesContextBeforeModesTestExecutionListener@74b348ef, org.springframework.boot.test.mock.mockito.MockitoTestExecutionListener@670e548f, org.springframework.boot.test.autoconfigure.SpringBootDependencyInjectionTestExecutionListener@49b7c6e1, org.springframework.test.context.support.DirtiesContextTestExecutionListener@72dd60de, org.springframework.test.context.transaction.TransactionalTestExecutionListener@1cc7aa5a, org.springframework.test.context.jdbc.SqlScriptsTestExecutionListener@9f83f61, org.springframework.boot.test.mock.mockito.ResetMocksTestExecutionListener@7e8f7071, org.springframework.boot.test.autoconfigure.restdocs.RestDocsTestExecutionListener@67cd24ee, org.springframework.boot.test.autoconfigure.web.client.MockRestServiceServerResetTestExecutionListener@46f9c737, org.springframework.boot.test.autoconfigure.web.servlet.MockMvcPrintOnlyOnFailureTestExecutionListener@e32ebbe, org.springframework.boot.test.autoconfigure.web.servlet.WebDriverTestExecutionListener@bbb1ef1]
2018-07-24 06:00:10.153  INFO 16505 --- [    Test worker] s.c.a.AnnotationConfigApplicationContext : Refreshing org.springframework.context.annotation.AnnotationConfigApplicationContext@3509d4b8: startup date [Tue Jul 24 06:00:10 CDT 2018]; root of context hierarchy
2018-07-24 06:00:10.172  INFO 16505 --- [    Test worker] f.a.AutowiredAnnotationBeanPostProcessor : JSR-330 'javax.inject.Inject' annotation found and supported for autowiring
2018-07-24 06:00:10.193  INFO 16505 --- [    Test worker] trationDelegate$BeanPostProcessorChecker : Bean 'configurationPropertiesRebinderAutoConfiguration' of type [org.springframework.cloud.autoconfigure.ConfigurationPropertiesRebinderAutoConfiguration$$EnhancerBySpringCGLIB$$a686a7b1] is not eligible for getting processed by all BeanPostProcessors (for example: not eligible for auto-proxying)

  .   ____          _            __ _ _
 /\\ / ___'_ __ _ _(_)_ __  __ _ \ \ \ \
( ( )\___ | '_ | '_| | '_ \/ _` | \ \ \ \
 \\/  ___)| |_)| | | | | || (_| |  ) ) ) )
  '  |____| .__|_| |_|_| |_\__, | / / / /
 =========|_|==============|___/=/_/_/_/
 :: Spring Boot ::       (v1.5.14.RELEASE)

2018-07-24 06:00:10.292  INFO 16505 --- [    Test worker] c.s.w.week2challenge.QuoteServiceTest    : No active profile set, falling back to default profiles: default
2018-07-24 06:00:10.296  INFO 16505 --- [    Test worker] s.c.a.AnnotationConfigApplicationContext : Refreshing org.springframework.context.annotation.AnnotationConfigApplicationContext@51443d5c: startup date [Tue Jul 24 06:00:10 CDT 2018]; parent: org.springframework.context.annotation.AnnotationConfigApplicationContext@3509d4b8
2018-07-24 06:00:10.735  INFO 16505 --- [    Test worker] o.s.cloud.context.scope.GenericScope     : BeanFactory id=743b6b74-fef9-3fec-b350-6165050aa8a7
2018-07-24 06:00:10.766  INFO 16505 --- [    Test worker] f.a.AutowiredAnnotationBeanPostProcessor : JSR-330 'javax.inject.Inject' annotation found and supported for autowiring
2018-07-24 06:00:10.828  INFO 16505 --- [    Test worker] trationDelegate$BeanPostProcessorChecker : Bean 'org.springframework.transaction.annotation.ProxyTransactionManagementConfiguration' of type [org.springframework.transaction.annotation.ProxyTransactionManagementConfiguration$$EnhancerBySpringCGLIB$$8a6ca4b4] is not eligible for getting processed by all BeanPostProcessors (for example: not eligible for auto-proxying)
2018-07-24 06:00:10.845  INFO 16505 --- [    Test worker] trationDelegate$BeanPostProcessorChecker : Bean 'org.springframework.cloud.autoconfigure.ConfigurationPropertiesRebinderAutoConfiguration' of type [org.springframework.cloud.autoconfigure.ConfigurationPropertiesRebinderAutoConfiguration$$EnhancerBySpringCGLIB$$a686a7b1] is not eligible for getting processed by all BeanPostProcessors (for example: not eligible for auto-proxying)
2018-07-24 06:00:11.171  INFO 16505 --- [    Test worker] j.LocalContainerEntityManagerFactoryBean : Building JPA container EntityManagerFactory for persistence unit 'default'
2018-07-24 06:00:11.189  INFO 16505 --- [    Test worker] o.hibernate.jpa.internal.util.LogHelper  : HHH000204: Processing PersistenceUnitInfo [
	name: default
	...]
2018-07-24 06:00:11.253  INFO 16505 --- [    Test worker] org.hibernate.Version                    : HHH000412: Hibernate Core {5.0.12.Final}
2018-07-24 06:00:11.254  INFO 16505 --- [    Test worker] org.hibernate.cfg.Environment            : HHH000206: hibernate.properties not found
2018-07-24 06:00:11.256  INFO 16505 --- [    Test worker] org.hibernate.cfg.Environment            : HHH000021: Bytecode provider name : javassist
2018-07-24 06:00:11.293  INFO 16505 --- [    Test worker] o.hibernate.annotations.common.Version   : HCANN000001: Hibernate Commons Annotations {5.0.1.Final}
2018-07-24 06:00:11.395  INFO 16505 --- [    Test worker] org.hibernate.dialect.Dialect            : HHH000400: Using dialect: org.hibernate.dialect.PostgreSQLDialect
2018-07-24 06:00:11.461  INFO 16505 --- [    Test worker] org.hibernate.type.BasicTypeRegistry     : HHH000270: Type registration [java.util.UUID] overrides previous : org.hibernate.type.UUIDBinaryType@4b9b0d45
2018-07-24 06:00:11.576  WARN 16505 --- [    Test worker] org.hibernate.orm.deprecation            : HHH90000014: Found use of deprecated [org.hibernate.id.SequenceGenerator] sequence-based id generator; use org.hibernate.id.enhanced.SequenceStyleGenerator instead.  See Hibernate Domain Model Mapping Guide for details.
2018-07-24 06:00:11.776  INFO 16505 --- [    Test worker] org.hibernate.tool.hbm2ddl.SchemaExport  : HHH000227: Running hbm2ddl schema export
Hibernate: 
    drop table if exists week2quotedb cascade
Hibernate: 
    drop sequence hibernate_sequence
2018-07-24 06:00:11.783 ERROR 16505 --- [    Test worker] org.hibernate.tool.hbm2ddl.SchemaExport  : HHH000389: Unsuccessful: drop sequence hibernate_sequence
2018-07-24 06:00:11.783 ERROR 16505 --- [    Test worker] org.hibernate.tool.hbm2ddl.SchemaExport  : Sequence "HIBERNATE_SEQUENCE" not found; SQL statement:

    drop sequence hibernate_sequence [90036-197]
Hibernate: 
    create sequence hibernate_sequence start 1 increment 1
Hibernate: 
    create table week2quotedb (
        stock_id int4 not null,
        date timestamp,
        price float8,
        symbol varchar(255),
        volume int4,
        primary key (stock_id)
    )
2018-07-24 06:00:11.791  INFO 16505 --- [    Test worker] org.hibernate.tool.hbm2ddl.SchemaExport  : HHH000230: Schema export complete
2018-07-24 06:00:11.822  INFO 16505 --- [    Test worker] j.LocalContainerEntityManagerFactoryBean : Initialized JPA EntityManagerFactory for persistence unit 'default'
2018-07-24 06:00:12.620  WARN 16505 --- [    Test worker] c.n.c.sources.URLConfigurationSource     : No URLs will be polled as dynamic configuration sources.
2018-07-24 06:00:12.620  INFO 16505 --- [    Test worker] c.n.c.sources.URLConfigurationSource     : To enable URLs as dynamic configuration sources, define System property archaius.configurationSource.additionalUrls or make config.properties available on classpath.
2018-07-24 06:00:12.627  WARN 16505 --- [    Test worker] c.n.c.sources.URLConfigurationSource     : No URLs will be polled as dynamic configuration sources.
2018-07-24 06:00:12.627  INFO 16505 --- [    Test worker] c.n.c.sources.URLConfigurationSource     : To enable URLs as dynamic configuration sources, define System property archaius.configurationSource.additionalUrls or make config.properties available on classpath.
2018-07-24 06:00:12.849  INFO 16505 --- [    Test worker] o.s.c.support.DefaultLifecycleProcessor  : Starting beans in phase 0
2018-07-24 06:00:12.858  INFO 16505 --- [    Test worker] c.s.w.week2challenge.QuoteServiceTest    : Started QuoteServiceTest in 2.768 seconds (JVM running for 6.928)
]]></system-out>
  <system-err><![CDATA[]]></system-err>
</testsuite>
