<?xml version="1.0" encoding="UTF-8"?>
<testsuite name="com.solstice.week2challenge.week2challenge.QuoteServiceTest" tests="1" skipped="0" failures="0" errors="0" timestamp="2018-07-24T00:48:44" hostname="Tyree-Solomon-Phillips-MacBook-Pro.local" time="0.004">
  <properties/>
  <testcase name="testAddStock" classname="com.solstice.week2challenge.week2challenge.QuoteServiceTest" time="0.004"/>
  <system-out><![CDATA[2018-07-23 19:48:41.916  INFO 14305 --- [    Test worker] .b.t.c.SpringBootTestContextBootstrapper : Neither @ContextConfiguration nor @ContextHierarchy found for test class [com.solstice.week2challenge.week2challenge.QuoteServiceTest], using SpringBootContextLoader
2018-07-23 19:48:41.916  INFO 14305 --- [    Test worker] o.s.t.c.support.AbstractContextLoader    : Could not detect default resource locations for test class [com.solstice.week2challenge.week2challenge.QuoteServiceTest]: no resource found for suffixes {-context.xml, Context.groovy}.
2018-07-23 19:48:41.918  INFO 14305 --- [    Test worker] t.c.s.AnnotationConfigContextLoaderUtils : Could not detect default configuration classes for test class [com.solstice.week2challenge.week2challenge.QuoteServiceTest]: QuoteServiceTest does not declare any static, non-private, non-final, nested classes annotated with @Configuration.
2018-07-23 19:48:41.934  INFO 14305 --- [    Test worker] .b.t.c.SpringBootTestContextBootstrapper : Found @SpringBootConfiguration com.solstice.week2challenge.week2challenge.Week2ChallengeApplication for test class com.solstice.week2challenge.week2challenge.QuoteServiceTest
2018-07-23 19:48:41.936  INFO 14305 --- [    Test worker] .b.t.c.SpringBootTestContextBootstrapper : Loaded default TestExecutionListener class names from location [META-INF/spring.factories]: [org.springframework.boot.test.mock.mockito.MockitoTestExecutionListener, org.springframework.boot.test.mock.mockito.ResetMocksTestExecutionListener, org.springframework.boot.test.autoconfigure.restdocs.RestDocsTestExecutionListener, org.springframework.boot.test.autoconfigure.web.client.MockRestServiceServerResetTestExecutionListener, org.springframework.boot.test.autoconfigure.web.servlet.MockMvcPrintOnlyOnFailureTestExecutionListener, org.springframework.boot.test.autoconfigure.web.servlet.WebDriverTestExecutionListener, org.springframework.test.context.web.ServletTestExecutionListener, org.springframework.test.context.support.DirtiesContextBeforeModesTestExecutionListener, org.springframework.test.context.support.DependencyInjectionTestExecutionListener, org.springframework.test.context.support.DirtiesContextTestExecutionListener, org.springframework.test.context.transaction.TransactionalTestExecutionListener, org.springframework.test.context.jdbc.SqlScriptsTestExecutionListener]
2018-07-23 19:48:41.939  INFO 14305 --- [    Test worker] .b.t.c.SpringBootTestContextBootstrapper : Using TestExecutionListeners: [org.springframework.test.context.web.ServletTestExecutionListener@73e1e9ea, org.springframework.test.context.support.DirtiesContextBeforeModesTestExecutionListener@1430a940, org.springframework.boot.test.mock.mockito.MockitoTestExecutionListener@8efed5b, org.springframework.boot.test.autoconfigure.SpringBootDependencyInjectionTestExecutionListener@1d433f08, org.springframework.test.context.support.DirtiesContextTestExecutionListener@61912bf3, org.springframework.test.context.transaction.TransactionalTestExecutionListener@707af428, org.springframework.test.context.jdbc.SqlScriptsTestExecutionListener@7085a49, org.springframework.boot.test.mock.mockito.ResetMocksTestExecutionListener@3b79edf, org.springframework.boot.test.autoconfigure.restdocs.RestDocsTestExecutionListener@6b91e3e9, org.springframework.boot.test.autoconfigure.web.client.MockRestServiceServerResetTestExecutionListener@4c6d9107, org.springframework.boot.test.autoconfigure.web.servlet.MockMvcPrintOnlyOnFailureTestExecutionListener@9f240d1, org.springframework.boot.test.autoconfigure.web.servlet.WebDriverTestExecutionListener@360c7656]
2018-07-23 19:48:42.013  INFO 14305 --- [    Test worker] s.c.a.AnnotationConfigApplicationContext : Refreshing org.springframework.context.annotation.AnnotationConfigApplicationContext@6e7124a0: startup date [Mon Jul 23 19:48:42 CDT 2018]; root of context hierarchy
2018-07-23 19:48:42.030  INFO 14305 --- [    Test worker] f.a.AutowiredAnnotationBeanPostProcessor : JSR-330 'javax.inject.Inject' annotation found and supported for autowiring
2018-07-23 19:48:42.049  INFO 14305 --- [    Test worker] trationDelegate$BeanPostProcessorChecker : Bean 'configurationPropertiesRebinderAutoConfiguration' of type [org.springframework.cloud.autoconfigure.ConfigurationPropertiesRebinderAutoConfiguration$$EnhancerBySpringCGLIB$$23b4fdef] is not eligible for getting processed by all BeanPostProcessors (for example: not eligible for auto-proxying)

  .   ____          _            __ _ _
 /\\ / ___'_ __ _ _(_)_ __  __ _ \ \ \ \
( ( )\___ | '_ | '_| | '_ \/ _` | \ \ \ \
 \\/  ___)| |_)| | | | | || (_| |  ) ) ) )
  '  |____| .__|_| |_|_| |_\__, | / / / /
 =========|_|==============|___/=/_/_/_/
 :: Spring Boot ::       (v1.5.14.RELEASE)

2018-07-23 19:48:42.143  INFO 14305 --- [    Test worker] c.s.w.week2challenge.QuoteServiceTest    : No active profile set, falling back to default profiles: default
2018-07-23 19:48:42.146  INFO 14305 --- [    Test worker] s.c.a.AnnotationConfigApplicationContext : Refreshing org.springframework.context.annotation.AnnotationConfigApplicationContext@3dfb2a6b: startup date [Mon Jul 23 19:48:42 CDT 2018]; parent: org.springframework.context.annotation.AnnotationConfigApplicationContext@6e7124a0
2018-07-23 19:48:42.489  INFO 14305 --- [    Test worker] o.s.cloud.context.scope.GenericScope     : BeanFactory id=743b6b74-fef9-3fec-b350-6165050aa8a7
2018-07-23 19:48:42.521  INFO 14305 --- [    Test worker] f.a.AutowiredAnnotationBeanPostProcessor : JSR-330 'javax.inject.Inject' annotation found and supported for autowiring
2018-07-23 19:48:42.586  INFO 14305 --- [    Test worker] trationDelegate$BeanPostProcessorChecker : Bean 'org.springframework.transaction.annotation.ProxyTransactionManagementConfiguration' of type [org.springframework.transaction.annotation.ProxyTransactionManagementConfiguration$$EnhancerBySpringCGLIB$$79afaf2] is not eligible for getting processed by all BeanPostProcessors (for example: not eligible for auto-proxying)
2018-07-23 19:48:42.606  INFO 14305 --- [    Test worker] trationDelegate$BeanPostProcessorChecker : Bean 'org.springframework.cloud.autoconfigure.ConfigurationPropertiesRebinderAutoConfiguration' of type [org.springframework.cloud.autoconfigure.ConfigurationPropertiesRebinderAutoConfiguration$$EnhancerBySpringCGLIB$$23b4fdef] is not eligible for getting processed by all BeanPostProcessors (for example: not eligible for auto-proxying)
2018-07-23 19:48:42.996  INFO 14305 --- [    Test worker] j.LocalContainerEntityManagerFactoryBean : Building JPA container EntityManagerFactory for persistence unit 'default'
2018-07-23 19:48:43.029  INFO 14305 --- [    Test worker] o.hibernate.jpa.internal.util.LogHelper  : HHH000204: Processing PersistenceUnitInfo [
	name: default
	...]
2018-07-23 19:48:43.088  INFO 14305 --- [    Test worker] org.hibernate.Version                    : HHH000412: Hibernate Core {5.0.12.Final}
2018-07-23 19:48:43.090  INFO 14305 --- [    Test worker] org.hibernate.cfg.Environment            : HHH000206: hibernate.properties not found
2018-07-23 19:48:43.091  INFO 14305 --- [    Test worker] org.hibernate.cfg.Environment            : HHH000021: Bytecode provider name : javassist
2018-07-23 19:48:43.129  INFO 14305 --- [    Test worker] o.hibernate.annotations.common.Version   : HCANN000001: Hibernate Commons Annotations {5.0.1.Final}
2018-07-23 19:48:43.225  INFO 14305 --- [    Test worker] org.hibernate.dialect.Dialect            : HHH000400: Using dialect: org.hibernate.dialect.H2Dialect
2018-07-23 19:48:43.608  INFO 14305 --- [    Test worker] org.hibernate.tool.hbm2ddl.SchemaExport  : HHH000227: Running hbm2ddl schema export
Hibernate: 
    drop table week2quotedb if exists
Hibernate: 
    create table week2quotedb (
        stock_id integer generated by default as identity,
        date timestamp,
        price double,
        symbol varchar(255),
        volume integer,
        primary key (stock_id)
    )
2018-07-23 19:48:43.622  INFO 14305 --- [    Test worker] org.hibernate.tool.hbm2ddl.SchemaExport  : HHH000230: Schema export complete
2018-07-23 19:48:43.656  INFO 14305 --- [    Test worker] j.LocalContainerEntityManagerFactoryBean : Initialized JPA EntityManagerFactory for persistence unit 'default'
2018-07-23 19:48:44.313  WARN 14305 --- [    Test worker] c.n.c.sources.URLConfigurationSource     : No URLs will be polled as dynamic configuration sources.
2018-07-23 19:48:44.313  INFO 14305 --- [    Test worker] c.n.c.sources.URLConfigurationSource     : To enable URLs as dynamic configuration sources, define System property archaius.configurationSource.additionalUrls or make config.properties available on classpath.
2018-07-23 19:48:44.319  WARN 14305 --- [    Test worker] c.n.c.sources.URLConfigurationSource     : No URLs will be polled as dynamic configuration sources.
2018-07-23 19:48:44.319  INFO 14305 --- [    Test worker] c.n.c.sources.URLConfigurationSource     : To enable URLs as dynamic configuration sources, define System property archaius.configurationSource.additionalUrls or make config.properties available on classpath.
2018-07-23 19:48:44.469  INFO 14305 --- [    Test worker] o.s.c.support.DefaultLifecycleProcessor  : Starting beans in phase 0
2018-07-23 19:48:44.479  INFO 14305 --- [    Test worker] c.s.w.week2challenge.QuoteServiceTest    : Started QuoteServiceTest in 2.532 seconds (JVM running for 6.522)
]]></system-out>
  <system-err><![CDATA[]]></system-err>
</testsuite>
